2023-03-07T11:37:41.812+01:00  INFO 2356 --- [restartedMain] e.n.i.s.backend.BackendApplication       : Starting BackendApplication using Java 17.0.6 with PID 2356 (C:\Users\sande\Desktop\DATAING\4-semester\nettverksprog\Network-Programming\assignment-5\backend\target\classes started by sande in C:\Users\sande\Desktop\DATAING\4-semester\nettverksprog\Network-Programming\assignment-5)
2023-03-07T11:37:41.818+01:00  INFO 2356 --- [restartedMain] e.n.i.s.backend.BackendApplication       : No active profile set, falling back to 1 default profile: "default"
2023-03-07T11:37:41.889+01:00  INFO 2356 --- [restartedMain] .e.DevToolsPropertyDefaultsPostProcessor : Devtools property defaults active! Set 'spring.devtools.add-properties' to 'false' to disable
2023-03-07T11:37:41.891+01:00  INFO 2356 --- [restartedMain] .e.DevToolsPropertyDefaultsPostProcessor : For additional web related logging consider setting the 'logging.level.web' property to 'DEBUG'
2023-03-07T11:37:43.276+01:00  INFO 2356 --- [restartedMain] o.s.b.w.embedded.tomcat.TomcatWebServer  : Tomcat initialized with port(s): 8088 (http)
2023-03-07T11:37:43.298+01:00  INFO 2356 --- [restartedMain] o.apache.catalina.core.StandardService   : Starting service [Tomcat]
2023-03-07T11:37:43.299+01:00  INFO 2356 --- [restartedMain] o.apache.catalina.core.StandardEngine    : Starting Servlet engine: [Apache Tomcat/10.1.5]
2023-03-07T11:37:43.378+01:00  INFO 2356 --- [restartedMain] o.a.c.c.C.[Tomcat].[localhost].[/]       : Initializing Spring embedded WebApplicationContext
2023-03-07T11:37:43.380+01:00  INFO 2356 --- [restartedMain] w.s.c.ServletWebServerApplicationContext : Root WebApplicationContext: initialization completed in 1487 ms
2023-03-07T11:37:43.842+01:00  INFO 2356 --- [restartedMain] o.s.b.d.a.OptionalLiveReloadServer       : LiveReload server is running on port 35729
2023-03-07T11:37:43.880+01:00  INFO 2356 --- [restartedMain] o.s.b.w.embedded.tomcat.TomcatWebServer  : Tomcat started on port(s): 8088 (http) with context path ''
2023-03-07T11:37:43.891+01:00  INFO 2356 --- [restartedMain] e.n.i.s.backend.BackendApplication       : Started BackendApplication in 2.581 seconds (process running for 3.083)
2023-03-07T11:37:48.519+01:00  INFO 2356 --- [http-nio-8088-exec-2] o.a.c.c.C.[Tomcat].[localhost].[/]       : Initializing Spring DispatcherServlet 'dispatcherServlet'
2023-03-07T11:37:48.521+01:00  INFO 2356 --- [http-nio-8088-exec-2] o.s.web.servlet.DispatcherServlet        : Initializing Servlet 'dispatcherServlet'
2023-03-07T11:37:48.523+01:00  INFO 2356 --- [http-nio-8088-exec-2] o.s.web.servlet.DispatcherServlet        : Completed initialization in 1 ms
2023-03-07T11:37:48.634+01:00  INFO 2356 --- [http-nio-8088-exec-2] e.n.i.s.b.controller.DockerController    : Code received: print("hello world")
2023-03-07T11:37:49.774+01:00  INFO 2356 --- [http-nio-8088-exec-2] e.n.i.s.b.controller.DockerController    : Code output: print("hello world")
2023-03-07T11:38:12.624+01:00  INFO 2356 --- [File Watcher] rtingClassPathChangeChangedEventListener : Restarting due to 1 class path change (0 additions, 0 deletions, 1 modification)
2023-03-07T11:38:12.644+01:00  INFO 2356 --- [Thread-5] o.apache.catalina.core.StandardService   : Stopping service [Tomcat]
2023-03-07T11:38:12.647+01:00  INFO 2356 --- [Thread-5] o.a.c.c.C.[Tomcat].[localhost].[/]       : Destroying Spring FrameworkServlet 'dispatcherServlet'
2023-03-07T11:38:12.718+01:00  INFO 2356 --- [restartedMain] e.n.i.s.backend.BackendApplication       : Starting BackendApplication using Java 17.0.6 with PID 2356 (C:\Users\sande\Desktop\DATAING\4-semester\nettverksprog\Network-Programming\assignment-5\backend\target\classes started by sande in C:\Users\sande\Desktop\DATAING\4-semester\nettverksprog\Network-Programming\assignment-5)
2023-03-07T11:38:12.720+01:00  INFO 2356 --- [restartedMain] e.n.i.s.backend.BackendApplication       : No active profile set, falling back to 1 default profile: "default"
2023-03-07T11:38:12.974+01:00  INFO 2356 --- [restartedMain] o.s.b.w.embedded.tomcat.TomcatWebServer  : Tomcat initialized with port(s): 8088 (http)
2023-03-07T11:38:12.976+01:00  INFO 2356 --- [restartedMain] o.apache.catalina.core.StandardService   : Starting service [Tomcat]
2023-03-07T11:38:12.977+01:00  INFO 2356 --- [restartedMain] o.apache.catalina.core.StandardEngine    : Starting Servlet engine: [Apache Tomcat/10.1.5]
2023-03-07T11:38:12.998+01:00  INFO 2356 --- [restartedMain] o.a.c.c.C.[Tomcat].[localhost].[/]       : Initializing Spring embedded WebApplicationContext
2023-03-07T11:38:12.999+01:00  INFO 2356 --- [restartedMain] w.s.c.ServletWebServerApplicationContext : Root WebApplicationContext: initialization completed in 274 ms
2023-03-07T11:38:13.093+01:00  INFO 2356 --- [restartedMain] o.s.b.d.a.OptionalLiveReloadServer       : LiveReload server is running on port 35729
2023-03-07T11:38:13.106+01:00  INFO 2356 --- [restartedMain] o.s.b.w.embedded.tomcat.TomcatWebServer  : Tomcat started on port(s): 8088 (http) with context path ''
2023-03-07T11:38:13.110+01:00  INFO 2356 --- [restartedMain] e.n.i.s.backend.BackendApplication       : Started BackendApplication in 0.426 seconds (process running for 32.302)
2023-03-07T11:38:13.114+01:00  INFO 2356 --- [restartedMain] .ConditionEvaluationDeltaLoggingListener : Condition evaluation unchanged
2023-03-07T11:38:16.803+01:00  INFO 2356 --- [http-nio-8088-exec-1] o.a.c.c.C.[Tomcat].[localhost].[/]       : Initializing Spring DispatcherServlet 'dispatcherServlet'
2023-03-07T11:38:16.804+01:00  INFO 2356 --- [http-nio-8088-exec-1] o.s.web.servlet.DispatcherServlet        : Initializing Servlet 'dispatcherServlet'
2023-03-07T11:38:16.805+01:00  INFO 2356 --- [http-nio-8088-exec-1] o.s.web.servlet.DispatcherServlet        : Completed initialization in 0 ms
2023-03-07T11:38:16.811+01:00  INFO 2356 --- [http-nio-8088-exec-1] e.n.i.s.b.controller.DockerController    : Code received: print("hello world")
2023-03-07T11:38:17.857+01:00  INFO 2356 --- [http-nio-8088-exec-1] e.n.i.s.b.controller.DockerController    : Code output: hello world
